{"C:\\Users\\002QX3744\\.bob\\playground\\bookstore-backend\\src\\config\\db.js": {"path":"C:\\Users\\002QX3744\\.bob\\playground\\bookstore-backend\\src\\config\\db.js","statementMap":{"0":{"start":{"line":1,"column":17},"end":{"line":1,"column":30}},"1":{"start":{"line":2,"column":0},"end":{"line":2,"column":26}},"2":{"start":{"line":3,"column":13},"end":{"line":9,"column":2}},"3":{"start":{"line":11,"column":0},"end":{"line":18,"column":2}},"4":{"start":{"line":12,"column":2},"end":{"line":17,"column":3}},"5":{"start":{"line":13,"column":4},"end":{"line":13,"column":62}},"6":{"start":{"line":15,"column":4},"end":{"line":15,"column":54}},"7":{"start":{"line":16,"column":4},"end":{"line":16,"column":13}},"8":{"start":{"line":19,"column":0},"end":{"line":19,"column":21}}},"fnMap":{"0":{"name":"(anonymous_0)","decl":{"start":{"line":11,"column":13},"end":{"line":11,"column":14}},"loc":{"start":{"line":11,"column":39},"end":{"line":18,"column":1}},"line":11}},"branchMap":{"0":{"loc":{"start":{"line":12,"column":2},"end":{"line":17,"column":3}},"type":"if","locations":[{"start":{"line":12,"column":2},"end":{"line":17,"column":3}},{"start":{"line":14,"column":9},"end":{"line":17,"column":3}}],"line":12}},"s":{"0":4,"1":4,"2":4,"3":4,"4":4,"5":0,"6":4,"7":4,"8":4},"f":{"0":4},"b":{"0":[0,4]},"_coverageSchema":"1a1c01bbd47fc00a2c39e90264f33305004495a9","hash":"cbc36d28e46e1b3161c63af81487bda6429da801"}
,"C:\\Users\\002QX3744\\.bob\\playground\\bookstore-backend\\src\\controllers\\addressController.js": {"path":"C:\\Users\\002QX3744\\.bob\\playground\\bookstore-backend\\src\\controllers\\addressController.js","statementMap":{"0":{"start":{"line":1,"column":13},"end":{"line":1,"column":36}},"1":{"start":{"line":5,"column":21},"end":{"line":19,"column":1}},"2":{"start":{"line":6,"column":2},"end":{"line":18,"column":3}},"3":{"start":{"line":7,"column":19},"end":{"line":13,"column":5}},"4":{"start":{"line":14,"column":4},"end":{"line":14,"column":25}},"5":{"start":{"line":16,"column":4},"end":{"line":16,"column":46}},"6":{"start":{"line":17,"column":4},"end":{"line":17,"column":70}},"7":{"start":{"line":23,"column":19},"end":{"line":64,"column":1}},"8":{"start":{"line":24,"column":80},"end":{"line":24,"column":88}},"9":{"start":{"line":27,"column":2},"end":{"line":31,"column":3}},"10":{"start":{"line":28,"column":4},"end":{"line":30,"column":6}},"11":{"start":{"line":33,"column":17},"end":{"line":33,"column":37}},"12":{"start":{"line":34,"column":2},"end":{"line":63,"column":3}},"13":{"start":{"line":35,"column":4},"end":{"line":35,"column":31}},"14":{"start":{"line":38,"column":4},"end":{"line":43,"column":5}},"15":{"start":{"line":39,"column":6},"end":{"line":42,"column":7}},"16":{"start":{"line":45,"column":19},"end":{"line":50,"column":5}},"17":{"start":{"line":52,"column":4},"end":{"line":52,"column":32}},"18":{"start":{"line":53,"column":4},"end":{"line":56,"column":6}},"19":{"start":{"line":58,"column":4},"end":{"line":58,"column":34}},"20":{"start":{"line":59,"column":4},"end":{"line":59,"column":44}},"21":{"start":{"line":60,"column":4},"end":{"line":60,"column":66}},"22":{"start":{"line":62,"column":4},"end":{"line":62,"column":20}},"23":{"start":{"line":68,"column":22},"end":{"line":122,"column":1}},"24":{"start":{"line":69,"column":17},"end":{"line":69,"column":27}},"25":{"start":{"line":70,"column":72},"end":{"line":70,"column":80}},"26":{"start":{"line":72,"column":17},"end":{"line":72,"column":37}},"27":{"start":{"line":73,"column":2},"end":{"line":121,"column":3}},"28":{"start":{"line":74,"column":4},"end":{"line":74,"column":31}},"29":{"start":{"line":77,"column":21},"end":{"line":80,"column":5}},"30":{"start":{"line":81,"column":4},"end":{"line":84,"column":5}},"31":{"start":{"line":82,"column":6},"end":{"line":82,"column":36}},"32":{"start":{"line":83,"column":6},"end":{"line":83,"column":65}},"33":{"start":{"line":87,"column":4},"end":{"line":92,"column":5}},"34":{"start":{"line":88,"column":6},"end":{"line":91,"column":7}},"35":{"start":{"line":94,"column":19},"end":{"line":108,"column":5}},"36":{"start":{"line":110,"column":4},"end":{"line":110,"column":32}},"37":{"start":{"line":111,"column":4},"end":{"line":114,"column":6}},"38":{"start":{"line":116,"column":4},"end":{"line":116,"column":34}},"39":{"start":{"line":117,"column":4},"end":{"line":117,"column":47}},"40":{"start":{"line":118,"column":4},"end":{"line":118,"column":68}},"41":{"start":{"line":120,"column":4},"end":{"line":120,"column":20}},"42":{"start":{"line":126,"column":22},"end":{"line":158,"column":1}},"43":{"start":{"line":127,"column":17},"end":{"line":127,"column":27}},"44":{"start":{"line":128,"column":2},"end":{"line":157,"column":3}},"45":{"start":{"line":130,"column":21},"end":{"line":133,"column":5}},"46":{"start":{"line":134,"column":4},"end":{"line":136,"column":5}},"47":{"start":{"line":135,"column":6},"end":{"line":135,"column":65}},"48":{"start":{"line":139,"column":24},"end":{"line":142,"column":5}},"49":{"start":{"line":143,"column":4},"end":{"line":147,"column":5}},"50":{"start":{"line":144,"column":6},"end":{"line":146,"column":8}},"51":{"start":{"line":149,"column":4},"end":{"line":152,"column":5}},"52":{"start":{"line":153,"column":4},"end":{"line":153,"column":57}},"53":{"start":{"line":155,"column":4},"end":{"line":155,"column":47}},"54":{"start":{"line":156,"column":4},"end":{"line":156,"column":68}},"55":{"start":{"line":160,"column":0},"end":{"line":165,"column":1}}},"fnMap":{"0":{"name":"(anonymous_0)","decl":{"start":{"line":5,"column":21},"end":{"line":5,"column":22}},"loc":{"start":{"line":5,"column":41},"end":{"line":19,"column":1}},"line":5},"1":{"name":"(anonymous_1)","decl":{"start":{"line":23,"column":19},"end":{"line":23,"column":20}},"loc":{"start":{"line":23,"column":39},"end":{"line":64,"column":1}},"line":23},"2":{"name":"(anonymous_2)","decl":{"start":{"line":68,"column":22},"end":{"line":68,"column":23}},"loc":{"start":{"line":68,"column":42},"end":{"line":122,"column":1}},"line":68},"3":{"name":"(anonymous_3)","decl":{"start":{"line":126,"column":22},"end":{"line":126,"column":23}},"loc":{"start":{"line":126,"column":42},"end":{"line":158,"column":1}},"line":126}},"branchMap":{"0":{"loc":{"start":{"line":24,"column":57},"end":{"line":24,"column":75}},"type":"default-arg","locations":[{"start":{"line":24,"column":70},"end":{"line":24,"column":75}}],"line":24},"1":{"loc":{"start":{"line":27,"column":2},"end":{"line":31,"column":3}},"type":"if","locations":[{"start":{"line":27,"column":2},"end":{"line":31,"column":3}},{"start":{},"end":{}}],"line":27},"2":{"loc":{"start":{"line":27,"column":6},"end":{"line":27,"column":60}},"type":"binary-expr","locations":[{"start":{"line":27,"column":6},"end":{"line":27,"column":11}},{"start":{"line":27,"column":15},"end":{"line":27,"column":21}},{"start":{"line":27,"column":25},"end":{"line":27,"column":30}},{"start":{"line":27,"column":34},"end":{"line":27,"column":40}},{"start":{"line":27,"column":44},"end":{"line":27,"column":48}},{"start":{"line":27,"column":52},"end":{"line":27,"column":60}}],"line":27},"3":{"loc":{"start":{"line":38,"column":4},"end":{"line":43,"column":5}},"type":"if","locations":[{"start":{"line":38,"column":4},"end":{"line":43,"column":5}},{"start":{},"end":{}}],"line":38},"4":{"loc":{"start":{"line":49,"column":33},"end":{"line":49,"column":46}},"type":"binary-expr","locations":[{"start":{"line":49,"column":33},"end":{"line":49,"column":38}},{"start":{"line":49,"column":42},"end":{"line":49,"column":46}}],"line":49},"5":{"loc":{"start":{"line":81,"column":4},"end":{"line":84,"column":5}},"type":"if","locations":[{"start":{"line":81,"column":4},"end":{"line":84,"column":5}},{"start":{},"end":{}}],"line":81},"6":{"loc":{"start":{"line":87,"column":4},"end":{"line":92,"column":5}},"type":"if","locations":[{"start":{"line":87,"column":4},"end":{"line":92,"column":5}},{"start":{},"end":{}}],"line":87},"7":{"loc":{"start":{"line":107,"column":20},"end":{"line":107,"column":33}},"type":"binary-expr","locations":[{"start":{"line":107,"column":20},"end":{"line":107,"column":25}},{"start":{"line":107,"column":29},"end":{"line":107,"column":33}}],"line":107},"8":{"loc":{"start":{"line":134,"column":4},"end":{"line":136,"column":5}},"type":"if","locations":[{"start":{"line":134,"column":4},"end":{"line":136,"column":5}},{"start":{},"end":{}}],"line":134},"9":{"loc":{"start":{"line":143,"column":4},"end":{"line":147,"column":5}},"type":"if","locations":[{"start":{"line":143,"column":4},"end":{"line":147,"column":5}},{"start":{},"end":{}}],"line":143}},"s":{"0":4,"1":4,"2":0,"3":0,"4":0,"5":0,"6":0,"7":4,"8":0,"9":0,"10":0,"11":0,"12":0,"13":0,"14":0,"15":0,"16":0,"17":0,"18":0,"19":0,"20":0,"21":0,"22":0,"23":4,"24":0,"25":0,"26":0,"27":0,"28":0,"29":0,"30":0,"31":0,"32":0,"33":0,"34":0,"35":0,"36":0,"37":0,"38":0,"39":0,"40":0,"41":0,"42":4,"43":0,"44":0,"45":0,"46":0,"47":0,"48":0,"49":0,"50":0,"51":0,"52":0,"53":0,"54":0,"55":4},"f":{"0":0,"1":0,"2":0,"3":0},"b":{"0":[0],"1":[0,0],"2":[0,0,0,0,0,0],"3":[0,0],"4":[0,0],"5":[0,0],"6":[0,0],"7":[0,0],"8":[0,0],"9":[0,0]},"_coverageSchema":"1a1c01bbd47fc00a2c39e90264f33305004495a9","hash":"7122b06eaa1875049152a5d55681200fb74b8704"}
,"C:\\Users\\002QX3744\\.bob\\playground\\bookstore-backend\\src\\controllers\\authController.js": {"path":"C:\\Users\\002QX3744\\.bob\\playground\\bookstore-backend\\src\\controllers\\authController.js","statementMap":{"0":{"start":{"line":1,"column":13},"end":{"line":1,"column":36}},"1":{"start":{"line":2,"column":15},"end":{"line":2,"column":32}},"2":{"start":{"line":3,"column":12},"end":{"line":3,"column":35}},"3":{"start":{"line":4,"column":0},"end":{"line":4,"column":26}},"4":{"start":{"line":6,"column":17},"end":{"line":40,"column":1}},"5":{"start":{"line":7,"column":36},"end":{"line":7,"column":44}},"6":{"start":{"line":8,"column":2},"end":{"line":39,"column":3}},"7":{"start":{"line":10,"column":21},"end":{"line":13,"column":5}},"8":{"start":{"line":14,"column":4},"end":{"line":18,"column":5}},"9":{"start":{"line":15,"column":6},"end":{"line":17,"column":8}},"10":{"start":{"line":20,"column":25},"end":{"line":20,"column":56}},"11":{"start":{"line":22,"column":19},"end":{"line":27,"column":5}},"12":{"start":{"line":28,"column":17},"end":{"line":28,"column":31}},"13":{"start":{"line":30,"column":18},"end":{"line":34,"column":5}},"14":{"start":{"line":35,"column":4},"end":{"line":35,"column":41}},"15":{"start":{"line":37,"column":4},"end":{"line":37,"column":41}},"16":{"start":{"line":38,"column":4},"end":{"line":38,"column":71}},"17":{"start":{"line":42,"column":14},"end":{"line":85,"column":1}},"18":{"start":{"line":43,"column":30},"end":{"line":43,"column":38}},"19":{"start":{"line":44,"column":2},"end":{"line":84,"column":3}},"20":{"start":{"line":46,"column":19},"end":{"line":49,"column":5}},"21":{"start":{"line":50,"column":4},"end":{"line":54,"column":5}},"22":{"start":{"line":51,"column":6},"end":{"line":53,"column":8}},"23":{"start":{"line":55,"column":17},"end":{"line":55,"column":31}},"24":{"start":{"line":57,"column":26},"end":{"line":60,"column":5}},"25":{"start":{"line":61,"column":4},"end":{"line":65,"column":5}},"26":{"start":{"line":62,"column":6},"end":{"line":64,"column":8}},"27":{"start":{"line":67,"column":18},"end":{"line":71,"column":5}},"28":{"start":{"line":72,"column":4},"end":{"line":80,"column":6}},"29":{"start":{"line":82,"column":4},"end":{"line":82,"column":38}},"30":{"start":{"line":83,"column":4},"end":{"line":83,"column":64}},"31":{"start":{"line":87,"column":19},"end":{"line":98,"column":1}},"32":{"start":{"line":88,"column":2},"end":{"line":97,"column":3}},"33":{"start":{"line":89,"column":19},"end":{"line":93,"column":5}},"34":{"start":{"line":94,"column":4},"end":{"line":94,"column":28}},"35":{"start":{"line":96,"column":4},"end":{"line":96,"column":51}},"36":{"start":{"line":99,"column":0},"end":{"line":99,"column":48}}},"fnMap":{"0":{"name":"(anonymous_0)","decl":{"start":{"line":6,"column":17},"end":{"line":6,"column":18}},"loc":{"start":{"line":6,"column":37},"end":{"line":40,"column":1}},"line":6},"1":{"name":"(anonymous_1)","decl":{"start":{"line":42,"column":14},"end":{"line":42,"column":15}},"loc":{"start":{"line":42,"column":34},"end":{"line":85,"column":1}},"line":42},"2":{"name":"(anonymous_2)","decl":{"start":{"line":87,"column":19},"end":{"line":87,"column":20}},"loc":{"start":{"line":87,"column":39},"end":{"line":98,"column":1}},"line":87}},"branchMap":{"0":{"loc":{"start":{"line":14,"column":4},"end":{"line":18,"column":5}},"type":"if","locations":[{"start":{"line":14,"column":4},"end":{"line":18,"column":5}},{"start":{},"end":{}}],"line":14},"1":{"loc":{"start":{"line":50,"column":4},"end":{"line":54,"column":5}},"type":"if","locations":[{"start":{"line":50,"column":4},"end":{"line":54,"column":5}},{"start":{},"end":{}}],"line":50},"2":{"loc":{"start":{"line":61,"column":4},"end":{"line":65,"column":5}},"type":"if","locations":[{"start":{"line":61,"column":4},"end":{"line":65,"column":5}},{"start":{},"end":{}}],"line":61}},"s":{"0":4,"1":4,"2":4,"3":4,"4":4,"5":2,"6":2,"7":2,"8":0,"9":0,"10":0,"11":0,"12":0,"13":0,"14":0,"15":2,"16":2,"17":4,"18":4,"19":4,"20":4,"21":0,"22":0,"23":0,"24":0,"25":0,"26":0,"27":0,"28":0,"29":4,"30":4,"31":4,"32":0,"33":0,"34":0,"35":0,"36":4},"f":{"0":2,"1":4,"2":0},"b":{"0":[0,0],"1":[0,0],"2":[0,0]},"_coverageSchema":"1a1c01bbd47fc00a2c39e90264f33305004495a9","hash":"b963b85533e64fe60ef03d4c2c55ddce264926bf"}
,"C:\\Users\\002QX3744\\.bob\\playground\\bookstore-backend\\src\\controllers\\bookController.js": {"path":"C:\\Users\\002QX3744\\.bob\\playground\\bookstore-backend\\src\\controllers\\bookController.js","statementMap":{"0":{"start":{"line":1,"column":13},"end":{"line":1,"column":36}},"1":{"start":{"line":3,"column":20},"end":{"line":55,"column":1}},"2":{"start":{"line":4,"column":2},"end":{"line":54,"column":3}},"3":{"start":{"line":5,"column":40},"end":{"line":5,"column":49}},"4":{"start":{"line":6,"column":16},"end":{"line":24,"column":5}},"5":{"start":{"line":25,"column":19},"end":{"line":25,"column":21}},"6":{"start":{"line":26,"column":21},"end":{"line":26,"column":22}},"7":{"start":{"line":28,"column":4},"end":{"line":32,"column":5}},"8":{"start":{"line":29,"column":6},"end":{"line":29,"column":45}},"9":{"start":{"line":30,"column":6},"end":{"line":30,"column":27}},"10":{"start":{"line":31,"column":6},"end":{"line":31,"column":18}},"11":{"start":{"line":34,"column":4},"end":{"line":38,"column":5}},"12":{"start":{"line":35,"column":6},"end":{"line":35,"column":46}},"13":{"start":{"line":36,"column":6},"end":{"line":36,"column":24}},"14":{"start":{"line":37,"column":6},"end":{"line":37,"column":18}},"15":{"start":{"line":40,"column":4},"end":{"line":47,"column":5}},"16":{"start":{"line":41,"column":6},"end":{"line":44,"column":8}},"17":{"start":{"line":45,"column":6},"end":{"line":45,"column":46}},"18":{"start":{"line":46,"column":6},"end":{"line":46,"column":18}},"19":{"start":{"line":48,"column":4},"end":{"line":48,"column":33}},"20":{"start":{"line":49,"column":19},"end":{"line":49,"column":50}},"21":{"start":{"line":50,"column":4},"end":{"line":50,"column":25}},"22":{"start":{"line":52,"column":4},"end":{"line":52,"column":42}},"23":{"start":{"line":53,"column":4},"end":{"line":53,"column":66}},"24":{"start":{"line":57,"column":20},"end":{"line":88,"column":1}},"25":{"start":{"line":58,"column":2},"end":{"line":87,"column":3}},"26":{"start":{"line":59,"column":19},"end":{"line":59,"column":29}},"27":{"start":{"line":60,"column":19},"end":{"line":79,"column":5}},"28":{"start":{"line":80,"column":4},"end":{"line":82,"column":5}},"29":{"start":{"line":81,"column":6},"end":{"line":81,"column":62}},"30":{"start":{"line":83,"column":4},"end":{"line":83,"column":28}},"31":{"start":{"line":85,"column":4},"end":{"line":85,"column":41}},"32":{"start":{"line":86,"column":4},"end":{"line":86,"column":65}},"33":{"start":{"line":90,"column":24},"end":{"line":120,"column":1}},"34":{"start":{"line":91,"column":2},"end":{"line":119,"column":3}},"35":{"start":{"line":92,"column":19},"end":{"line":92,"column":29}},"36":{"start":{"line":94,"column":17},"end":{"line":97,"column":5}},"37":{"start":{"line":98,"column":4},"end":{"line":100,"column":5}},"38":{"start":{"line":99,"column":6},"end":{"line":99,"column":62}},"39":{"start":{"line":101,"column":23},"end":{"line":101,"column":47}},"40":{"start":{"line":103,"column":19},"end":{"line":114,"column":5}},"41":{"start":{"line":115,"column":4},"end":{"line":115,"column":25}},"42":{"start":{"line":117,"column":4},"end":{"line":117,"column":50}},"43":{"start":{"line":118,"column":4},"end":{"line":118,"column":74}},"44":{"start":{"line":122,"column":22},"end":{"line":131,"column":1}},"45":{"start":{"line":123,"column":2},"end":{"line":130,"column":3}},"46":{"start":{"line":124,"column":19},"end":{"line":126,"column":5}},"47":{"start":{"line":127,"column":4},"end":{"line":127,"column":25}},"48":{"start":{"line":129,"column":4},"end":{"line":129,"column":71}},"49":{"start":{"line":133,"column":18},"end":{"line":142,"column":1}},"50":{"start":{"line":134,"column":2},"end":{"line":141,"column":3}},"51":{"start":{"line":135,"column":19},"end":{"line":137,"column":5}},"52":{"start":{"line":138,"column":4},"end":{"line":138,"column":25}},"53":{"start":{"line":140,"column":4},"end":{"line":140,"column":67}},"54":{"start":{"line":143,"column":0},"end":{"line":149,"column":1}}},"fnMap":{"0":{"name":"(anonymous_0)","decl":{"start":{"line":3,"column":20},"end":{"line":3,"column":21}},"loc":{"start":{"line":3,"column":40},"end":{"line":55,"column":1}},"line":3},"1":{"name":"(anonymous_1)","decl":{"start":{"line":57,"column":20},"end":{"line":57,"column":21}},"loc":{"start":{"line":57,"column":40},"end":{"line":88,"column":1}},"line":57},"2":{"name":"(anonymous_2)","decl":{"start":{"line":90,"column":24},"end":{"line":90,"column":25}},"loc":{"start":{"line":90,"column":44},"end":{"line":120,"column":1}},"line":90},"3":{"name":"(anonymous_3)","decl":{"start":{"line":122,"column":22},"end":{"line":122,"column":23}},"loc":{"start":{"line":122,"column":42},"end":{"line":131,"column":1}},"line":122},"4":{"name":"(anonymous_4)","decl":{"start":{"line":133,"column":18},"end":{"line":133,"column":19}},"loc":{"start":{"line":133,"column":38},"end":{"line":142,"column":1}},"line":133}},"branchMap":{"0":{"loc":{"start":{"line":28,"column":4},"end":{"line":32,"column":5}},"type":"if","locations":[{"start":{"line":28,"column":4},"end":{"line":32,"column":5}},{"start":{},"end":{}}],"line":28},"1":{"loc":{"start":{"line":28,"column":8},"end":{"line":28,"column":38}},"type":"binary-expr","locations":[{"start":{"line":28,"column":8},"end":{"line":28,"column":16}},{"start":{"line":28,"column":20},"end":{"line":28,"column":38}}],"line":28},"2":{"loc":{"start":{"line":34,"column":4},"end":{"line":38,"column":5}},"type":"if","locations":[{"start":{"line":34,"column":4},"end":{"line":38,"column":5}},{"start":{},"end":{}}],"line":34},"3":{"loc":{"start":{"line":34,"column":8},"end":{"line":34,"column":32}},"type":"binary-expr","locations":[{"start":{"line":34,"column":8},"end":{"line":34,"column":13}},{"start":{"line":34,"column":17},"end":{"line":34,"column":32}}],"line":34},"4":{"loc":{"start":{"line":40,"column":4},"end":{"line":47,"column":5}},"type":"if","locations":[{"start":{"line":40,"column":4},"end":{"line":47,"column":5}},{"start":{},"end":{}}],"line":40},"5":{"loc":{"start":{"line":80,"column":4},"end":{"line":82,"column":5}},"type":"if","locations":[{"start":{"line":80,"column":4},"end":{"line":82,"column":5}},{"start":{},"end":{}}],"line":80},"6":{"loc":{"start":{"line":98,"column":4},"end":{"line":100,"column":5}},"type":"if","locations":[{"start":{"line":98,"column":4},"end":{"line":100,"column":5}},{"start":{},"end":{}}],"line":98}},"s":{"0":4,"1":4,"2":0,"3":0,"4":0,"5":0,"6":0,"7":0,"8":0,"9":0,"10":0,"11":0,"12":0,"13":0,"14":0,"15":0,"16":0,"17":0,"18":0,"19":0,"20":0,"21":0,"22":0,"23":0,"24":4,"25":0,"26":0,"27":0,"28":0,"29":0,"30":0,"31":0,"32":0,"33":4,"34":0,"35":0,"36":0,"37":0,"38":0,"39":0,"40":0,"41":0,"42":0,"43":0,"44":4,"45":0,"46":0,"47":0,"48":0,"49":4,"50":0,"51":0,"52":0,"53":0,"54":4},"f":{"0":0,"1":0,"2":0,"3":0,"4":0},"b":{"0":[0,0],"1":[0,0],"2":[0,0],"3":[0,0],"4":[0,0],"5":[0,0],"6":[0,0]},"_coverageSchema":"1a1c01bbd47fc00a2c39e90264f33305004495a9","hash":"5674510bb8b05272ff95d3ef50050fba4540fc47"}
,"C:\\Users\\002QX3744\\.bob\\playground\\bookstore-backend\\src\\controllers\\cartController.js": {"path":"C:\\Users\\002QX3744\\.bob\\playground\\bookstore-backend\\src\\controllers\\cartController.js","statementMap":{"0":{"start":{"line":1,"column":13},"end":{"line":1,"column":36}},"1":{"start":{"line":3,"column":16},"end":{"line":39,"column":1}},"2":{"start":{"line":4,"column":2},"end":{"line":38,"column":3}},"3":{"start":{"line":5,"column":19},"end":{"line":26,"column":5}},"4":{"start":{"line":27,"column":18},"end":{"line":29,"column":5}},"5":{"start":{"line":28,"column":21},"end":{"line":28,"column":52}},"6":{"start":{"line":30,"column":4},"end":{"line":34,"column":6}},"7":{"start":{"line":36,"column":4},"end":{"line":36,"column":41}},"8":{"start":{"line":37,"column":4},"end":{"line":37,"column":65}},"9":{"start":{"line":41,"column":18},"end":{"line":72,"column":1}},"10":{"start":{"line":42,"column":35},"end":{"line":42,"column":43}},"11":{"start":{"line":43,"column":2},"end":{"line":71,"column":3}},"12":{"start":{"line":45,"column":17},"end":{"line":48,"column":5}},"13":{"start":{"line":49,"column":4},"end":{"line":51,"column":5}},"14":{"start":{"line":50,"column":6},"end":{"line":50,"column":62}},"15":{"start":{"line":52,"column":4},"end":{"line":54,"column":5}},"16":{"start":{"line":53,"column":6},"end":{"line":53,"column":66}},"17":{"start":{"line":56,"column":19},"end":{"line":63,"column":5}},"18":{"start":{"line":64,"column":8},"end":{"line":67,"column":6}},"19":{"start":{"line":69,"column":4},"end":{"line":69,"column":44}},"20":{"start":{"line":70,"column":4},"end":{"line":70,"column":66}},"21":{"start":{"line":74,"column":23},"end":{"line":101,"column":1}},"22":{"start":{"line":75,"column":17},"end":{"line":75,"column":27}},"23":{"start":{"line":76,"column":23},"end":{"line":76,"column":31}},"24":{"start":{"line":77,"column":2},"end":{"line":100,"column":3}},"25":{"start":{"line":78,"column":4},"end":{"line":82,"column":5}},"26":{"start":{"line":79,"column":6},"end":{"line":81,"column":8}},"27":{"start":{"line":83,"column":19},"end":{"line":89,"column":5}},"28":{"start":{"line":90,"column":4},"end":{"line":92,"column":5}},"29":{"start":{"line":91,"column":6},"end":{"line":91,"column":67}},"30":{"start":{"line":93,"column":4},"end":{"line":96,"column":6}},"31":{"start":{"line":98,"column":4},"end":{"line":98,"column":44}},"32":{"start":{"line":99,"column":4},"end":{"line":99,"column":65}},"33":{"start":{"line":103,"column":23},"end":{"line":120,"column":1}},"34":{"start":{"line":104,"column":17},"end":{"line":104,"column":27}},"35":{"start":{"line":105,"column":2},"end":{"line":119,"column":3}},"36":{"start":{"line":106,"column":19},"end":{"line":111,"column":5}},"37":{"start":{"line":112,"column":4},"end":{"line":114,"column":5}},"38":{"start":{"line":113,"column":6},"end":{"line":113,"column":67}},"39":{"start":{"line":115,"column":4},"end":{"line":115,"column":51}},"40":{"start":{"line":117,"column":4},"end":{"line":117,"column":49}},"41":{"start":{"line":118,"column":4},"end":{"line":118,"column":70}},"42":{"start":{"line":122,"column":18},"end":{"line":133,"column":1}},"43":{"start":{"line":123,"column":2},"end":{"line":132,"column":3}},"44":{"start":{"line":124,"column":4},"end":{"line":127,"column":5}},"45":{"start":{"line":128,"column":4},"end":{"line":128,"column":54}},"46":{"start":{"line":130,"column":4},"end":{"line":130,"column":43}},"47":{"start":{"line":131,"column":4},"end":{"line":131,"column":65}},"48":{"start":{"line":134,"column":0},"end":{"line":140,"column":1}}},"fnMap":{"0":{"name":"(anonymous_0)","decl":{"start":{"line":3,"column":16},"end":{"line":3,"column":17}},"loc":{"start":{"line":3,"column":36},"end":{"line":39,"column":1}},"line":3},"1":{"name":"(anonymous_1)","decl":{"start":{"line":28,"column":6},"end":{"line":28,"column":7}},"loc":{"start":{"line":28,"column":21},"end":{"line":28,"column":52}},"line":28},"2":{"name":"(anonymous_2)","decl":{"start":{"line":41,"column":18},"end":{"line":41,"column":19}},"loc":{"start":{"line":41,"column":38},"end":{"line":72,"column":1}},"line":41},"3":{"name":"(anonymous_3)","decl":{"start":{"line":74,"column":23},"end":{"line":74,"column":24}},"loc":{"start":{"line":74,"column":43},"end":{"line":101,"column":1}},"line":74},"4":{"name":"(anonymous_4)","decl":{"start":{"line":103,"column":23},"end":{"line":103,"column":24}},"loc":{"start":{"line":103,"column":43},"end":{"line":120,"column":1}},"line":103},"5":{"name":"(anonymous_5)","decl":{"start":{"line":122,"column":18},"end":{"line":122,"column":19}},"loc":{"start":{"line":122,"column":38},"end":{"line":133,"column":1}},"line":122}},"branchMap":{"0":{"loc":{"start":{"line":42,"column":18},"end":{"line":42,"column":30}},"type":"default-arg","locations":[{"start":{"line":42,"column":29},"end":{"line":42,"column":30}}],"line":42},"1":{"loc":{"start":{"line":49,"column":4},"end":{"line":51,"column":5}},"type":"if","locations":[{"start":{"line":49,"column":4},"end":{"line":51,"column":5}},{"start":{},"end":{}}],"line":49},"2":{"loc":{"start":{"line":52,"column":4},"end":{"line":54,"column":5}},"type":"if","locations":[{"start":{"line":52,"column":4},"end":{"line":54,"column":5}},{"start":{},"end":{}}],"line":52},"3":{"loc":{"start":{"line":78,"column":4},"end":{"line":82,"column":5}},"type":"if","locations":[{"start":{"line":78,"column":4},"end":{"line":82,"column":5}},{"start":{},"end":{}}],"line":78},"4":{"loc":{"start":{"line":90,"column":4},"end":{"line":92,"column":5}},"type":"if","locations":[{"start":{"line":90,"column":4},"end":{"line":92,"column":5}},{"start":{},"end":{}}],"line":90},"5":{"loc":{"start":{"line":112,"column":4},"end":{"line":114,"column":5}},"type":"if","locations":[{"start":{"line":112,"column":4},"end":{"line":114,"column":5}},{"start":{},"end":{}}],"line":112}},"s":{"0":4,"1":4,"2":0,"3":0,"4":0,"5":0,"6":0,"7":0,"8":0,"9":4,"10":0,"11":0,"12":0,"13":0,"14":0,"15":0,"16":0,"17":0,"18":0,"19":0,"20":0,"21":4,"22":0,"23":0,"24":0,"25":0,"26":0,"27":0,"28":0,"29":0,"30":0,"31":0,"32":0,"33":4,"34":0,"35":0,"36":0,"37":0,"38":0,"39":0,"40":0,"41":0,"42":4,"43":0,"44":0,"45":0,"46":0,"47":0,"48":4},"f":{"0":0,"1":0,"2":0,"3":0,"4":0,"5":0},"b":{"0":[0],"1":[0,0],"2":[0,0],"3":[0,0],"4":[0,0],"5":[0,0]},"_coverageSchema":"1a1c01bbd47fc00a2c39e90264f33305004495a9","hash":"d22eabd7894dcf889bb02b4a6a30e81a990b7e2f"}
,"C:\\Users\\002QX3744\\.bob\\playground\\bookstore-backend\\src\\controllers\\orderController.js": {"path":"C:\\Users\\002QX3744\\.bob\\playground\\bookstore-backend\\src\\controllers\\orderController.js","statementMap":{"0":{"start":{"line":1,"column":13},"end":{"line":1,"column":36}},"1":{"start":{"line":3,"column":18},"end":{"line":54,"column":1}},"2":{"start":{"line":4,"column":2},"end":{"line":53,"column":3}},"3":{"start":{"line":6,"column":25},"end":{"line":27,"column":5}},"4":{"start":{"line":29,"column":19},"end":{"line":48,"column":5}},"5":{"start":{"line":31,"column":28},"end":{"line":42,"column":9}},"6":{"start":{"line":43,"column":8},"end":{"line":46,"column":9}},"7":{"start":{"line":49,"column":4},"end":{"line":49,"column":20}},"8":{"start":{"line":51,"column":4},"end":{"line":51,"column":43}},"9":{"start":{"line":52,"column":4},"end":{"line":52,"column":67}},"10":{"start":{"line":56,"column":21},"end":{"line":103,"column":1}},"11":{"start":{"line":57,"column":17},"end":{"line":57,"column":27}},"12":{"start":{"line":58,"column":2},"end":{"line":102,"column":3}},"13":{"start":{"line":59,"column":24},"end":{"line":79,"column":5}},"14":{"start":{"line":80,"column":4},"end":{"line":82,"column":5}},"15":{"start":{"line":81,"column":6},"end":{"line":81,"column":63}},"16":{"start":{"line":83,"column":24},"end":{"line":94,"column":5}},"17":{"start":{"line":95,"column":4},"end":{"line":98,"column":6}},"18":{"start":{"line":100,"column":4},"end":{"line":100,"column":42}},"19":{"start":{"line":101,"column":4},"end":{"line":101,"column":66}},"20":{"start":{"line":105,"column":19},"end":{"line":213,"column":1}},"21":{"start":{"line":113,"column":6},"end":{"line":113,"column":14}},"22":{"start":{"line":115,"column":17},"end":{"line":115,"column":37}},"23":{"start":{"line":116,"column":2},"end":{"line":212,"column":3}},"24":{"start":{"line":117,"column":4},"end":{"line":117,"column":31}},"25":{"start":{"line":119,"column":20},"end":{"line":119,"column":39}},"26":{"start":{"line":121,"column":4},"end":{"line":135,"column":5}},"27":{"start":{"line":137,"column":4},"end":{"line":157,"column":5}},"28":{"start":{"line":138,"column":6},"end":{"line":149,"column":7}},"29":{"start":{"line":151,"column":6},"end":{"line":156,"column":7}},"30":{"start":{"line":159,"column":4},"end":{"line":167,"column":5}},"31":{"start":{"line":160,"column":25},"end":{"line":160,"column":43}},"32":{"start":{"line":161,"column":6},"end":{"line":166,"column":7}},"33":{"start":{"line":169,"column":4},"end":{"line":172,"column":5}},"34":{"start":{"line":174,"column":4},"end":{"line":174,"column":32}},"35":{"start":{"line":176,"column":24},"end":{"line":194,"column":5}},"36":{"start":{"line":195,"column":24},"end":{"line":198,"column":5}},"37":{"start":{"line":199,"column":4},"end":{"line":205,"column":6}},"38":{"start":{"line":207,"column":4},"end":{"line":207,"column":34}},"39":{"start":{"line":208,"column":4},"end":{"line":208,"column":44}},"40":{"start":{"line":209,"column":4},"end":{"line":209,"column":65}},"41":{"start":{"line":211,"column":4},"end":{"line":211,"column":20}},"42":{"start":{"line":215,"column":20},"end":{"line":284,"column":1}},"43":{"start":{"line":216,"column":17},"end":{"line":216,"column":27}},"44":{"start":{"line":217,"column":2},"end":{"line":283,"column":3}},"45":{"start":{"line":219,"column":24},"end":{"line":224,"column":5}},"46":{"start":{"line":225,"column":4},"end":{"line":227,"column":5}},"47":{"start":{"line":226,"column":6},"end":{"line":226,"column":63}},"48":{"start":{"line":228,"column":18},"end":{"line":228,"column":37}},"49":{"start":{"line":230,"column":4},"end":{"line":234,"column":5}},"50":{"start":{"line":231,"column":6},"end":{"line":233,"column":8}},"51":{"start":{"line":236,"column":22},"end":{"line":236,"column":58}},"52":{"start":{"line":237,"column":24},"end":{"line":237,"column":34}},"53":{"start":{"line":238,"column":22},"end":{"line":238,"column":66}},"54":{"start":{"line":239,"column":4},"end":{"line":243,"column":5}},"55":{"start":{"line":240,"column":6},"end":{"line":242,"column":8}},"56":{"start":{"line":245,"column":19},"end":{"line":245,"column":39}},"57":{"start":{"line":246,"column":4},"end":{"line":279,"column":5}},"58":{"start":{"line":247,"column":6},"end":{"line":247,"column":33}},"59":{"start":{"line":249,"column":6},"end":{"line":253,"column":7}},"60":{"start":{"line":255,"column":20},"end":{"line":260,"column":7}},"61":{"start":{"line":261,"column":6},"end":{"line":268,"column":7}},"62":{"start":{"line":262,"column":8},"end":{"line":267,"column":9}},"63":{"start":{"line":269,"column":6},"end":{"line":269,"column":34}},"64":{"start":{"line":270,"column":6},"end":{"line":273,"column":8}},"65":{"start":{"line":275,"column":6},"end":{"line":275,"column":36}},"66":{"start":{"line":276,"column":6},"end":{"line":276,"column":15}},"67":{"start":{"line":278,"column":6},"end":{"line":278,"column":22}},"68":{"start":{"line":281,"column":4},"end":{"line":281,"column":45}},"69":{"start":{"line":282,"column":4},"end":{"line":282,"column":68}},"70":{"start":{"line":286,"column":27},"end":{"line":345,"column":1}},"71":{"start":{"line":287,"column":2},"end":{"line":344,"column":3}},"72":{"start":{"line":289,"column":27},"end":{"line":303,"column":5}},"73":{"start":{"line":305,"column":4},"end":{"line":339,"column":5}},"74":{"start":{"line":306,"column":28},"end":{"line":306,"column":62}},"75":{"start":{"line":308,"column":6},"end":{"line":325,"column":7}},"76":{"start":{"line":328,"column":6},"end":{"line":338,"column":7}},"77":{"start":{"line":340,"column":4},"end":{"line":340,"column":35}},"78":{"start":{"line":342,"column":4},"end":{"line":342,"column":48}},"79":{"start":{"line":343,"column":4},"end":{"line":343,"column":76}},"80":{"start":{"line":346,"column":0},"end":{"line":352,"column":1}}},"fnMap":{"0":{"name":"(anonymous_0)","decl":{"start":{"line":3,"column":18},"end":{"line":3,"column":19}},"loc":{"start":{"line":3,"column":38},"end":{"line":54,"column":1}},"line":3},"1":{"name":"(anonymous_1)","decl":{"start":{"line":30,"column":28},"end":{"line":30,"column":29}},"loc":{"start":{"line":30,"column":45},"end":{"line":47,"column":7}},"line":30},"2":{"name":"(anonymous_2)","decl":{"start":{"line":56,"column":21},"end":{"line":56,"column":22}},"loc":{"start":{"line":56,"column":41},"end":{"line":103,"column":1}},"line":56},"3":{"name":"(anonymous_3)","decl":{"start":{"line":105,"column":19},"end":{"line":105,"column":20}},"loc":{"start":{"line":105,"column":39},"end":{"line":213,"column":1}},"line":105},"4":{"name":"(anonymous_4)","decl":{"start":{"line":215,"column":20},"end":{"line":215,"column":21}},"loc":{"start":{"line":215,"column":40},"end":{"line":284,"column":1}},"line":215},"5":{"name":"(anonymous_5)","decl":{"start":{"line":286,"column":27},"end":{"line":286,"column":28}},"loc":{"start":{"line":286,"column":47},"end":{"line":345,"column":1}},"line":286}},"branchMap":{"0":{"loc":{"start":{"line":80,"column":4},"end":{"line":82,"column":5}},"type":"if","locations":[{"start":{"line":80,"column":4},"end":{"line":82,"column":5}},{"start":{},"end":{}}],"line":80},"1":{"loc":{"start":{"line":144,"column":10},"end":{"line":144,"column":33}},"type":"binary-expr","locations":[{"start":{"line":144,"column":10},"end":{"line":144,"column":22}},{"start":{"line":144,"column":26},"end":{"line":144,"column":33}}],"line":144},"2":{"loc":{"start":{"line":146,"column":10},"end":{"line":146,"column":35}},"type":"binary-expr","locations":[{"start":{"line":146,"column":10},"end":{"line":146,"column":23}},{"start":{"line":146,"column":27},"end":{"line":146,"column":35}}],"line":146},"3":{"loc":{"start":{"line":155,"column":9},"end":{"line":155,"column":34}},"type":"binary-expr","locations":[{"start":{"line":155,"column":9},"end":{"line":155,"column":22}},{"start":{"line":155,"column":26},"end":{"line":155,"column":34}}],"line":155},"4":{"loc":{"start":{"line":155,"column":36},"end":{"line":155,"column":59}},"type":"binary-expr","locations":[{"start":{"line":155,"column":36},"end":{"line":155,"column":48}},{"start":{"line":155,"column":52},"end":{"line":155,"column":59}}],"line":155},"5":{"loc":{"start":{"line":159,"column":4},"end":{"line":167,"column":5}},"type":"if","locations":[{"start":{"line":159,"column":4},"end":{"line":167,"column":5}},{"start":{},"end":{}}],"line":159},"6":{"loc":{"start":{"line":225,"column":4},"end":{"line":227,"column":5}},"type":"if","locations":[{"start":{"line":225,"column":4},"end":{"line":227,"column":5}},{"start":{},"end":{}}],"line":225},"7":{"loc":{"start":{"line":230,"column":4},"end":{"line":234,"column":5}},"type":"if","locations":[{"start":{"line":230,"column":4},"end":{"line":234,"column":5}},{"start":{},"end":{}}],"line":230},"8":{"loc":{"start":{"line":239,"column":4},"end":{"line":243,"column":5}},"type":"if","locations":[{"start":{"line":239,"column":4},"end":{"line":243,"column":5}},{"start":{},"end":{}}],"line":239},"9":{"loc":{"start":{"line":305,"column":4},"end":{"line":339,"column":5}},"type":"if","locations":[{"start":{"line":305,"column":4},"end":{"line":339,"column":5}},{"start":{"line":326,"column":11},"end":{"line":339,"column":5}}],"line":305}},"s":{"0":4,"1":4,"2":0,"3":0,"4":0,"5":0,"6":0,"7":0,"8":0,"9":0,"10":4,"11":0,"12":0,"13":0,"14":0,"15":0,"16":0,"17":0,"18":0,"19":0,"20":4,"21":0,"22":0,"23":0,"24":0,"25":0,"26":0,"27":0,"28":0,"29":0,"30":0,"31":0,"32":0,"33":0,"34":0,"35":0,"36":0,"37":0,"38":0,"39":0,"40":0,"41":0,"42":4,"43":0,"44":0,"45":0,"46":0,"47":0,"48":0,"49":0,"50":0,"51":0,"52":0,"53":0,"54":0,"55":0,"56":0,"57":0,"58":0,"59":0,"60":0,"61":0,"62":0,"63":0,"64":0,"65":0,"66":0,"67":0,"68":0,"69":0,"70":4,"71":0,"72":0,"73":0,"74":0,"75":0,"76":0,"77":0,"78":0,"79":0,"80":4},"f":{"0":0,"1":0,"2":0,"3":0,"4":0,"5":0},"b":{"0":[0,0],"1":[0,0],"2":[0,0],"3":[0,0],"4":[0,0],"5":[0,0],"6":[0,0],"7":[0,0],"8":[0,0],"9":[0,0]},"_coverageSchema":"1a1c01bbd47fc00a2c39e90264f33305004495a9","hash":"1aed60097f70e0b449e9f25fee7c67b151046f6a"}
,"C:\\Users\\002QX3744\\.bob\\playground\\bookstore-backend\\src\\middleware\\auth.js": {"path":"C:\\Users\\002QX3744\\.bob\\playground\\bookstore-backend\\src\\middleware\\auth.js","statementMap":{"0":{"start":{"line":1,"column":12},"end":{"line":1,"column":35}},"1":{"start":{"line":2,"column":0},"end":{"line":2,"column":26}},"2":{"start":{"line":3,"column":26},"end":{"line":20,"column":1}},"3":{"start":{"line":4,"column":21},"end":{"line":4,"column":49}},"4":{"start":{"line":5,"column":16},"end":{"line":5,"column":54}},"5":{"start":{"line":6,"column":2},"end":{"line":10,"column":3}},"6":{"start":{"line":7,"column":4},"end":{"line":9,"column":6}},"7":{"start":{"line":11,"column":2},"end":{"line":19,"column":3}},"8":{"start":{"line":12,"column":20},"end":{"line":12,"column":61}},"9":{"start":{"line":13,"column":4},"end":{"line":13,"column":22}},"10":{"start":{"line":14,"column":4},"end":{"line":14,"column":10}},"11":{"start":{"line":16,"column":4},"end":{"line":18,"column":6}},"12":{"start":{"line":21,"column":0},"end":{"line":21,"column":34}}},"fnMap":{"0":{"name":"(anonymous_0)","decl":{"start":{"line":3,"column":26},"end":{"line":3,"column":27}},"loc":{"start":{"line":3,"column":46},"end":{"line":20,"column":1}},"line":3}},"branchMap":{"0":{"loc":{"start":{"line":5,"column":16},"end":{"line":5,"column":54}},"type":"binary-expr","locations":[{"start":{"line":5,"column":16},"end":{"line":5,"column":26}},{"start":{"line":5,"column":30},"end":{"line":5,"column":54}}],"line":5},"1":{"loc":{"start":{"line":6,"column":2},"end":{"line":10,"column":3}},"type":"if","locations":[{"start":{"line":6,"column":2},"end":{"line":10,"column":3}},{"start":{},"end":{}}],"line":6}},"s":{"0":4,"1":4,"2":4,"3":3,"4":3,"5":3,"6":1,"7":2,"8":2,"9":0,"10":0,"11":2,"12":4},"f":{"0":3},"b":{"0":[3,2],"1":[1,2]},"_coverageSchema":"1a1c01bbd47fc00a2c39e90264f33305004495a9","hash":"adaf18bfcf74231447819e9133321205ca4cab48"}
,"C:\\Users\\002QX3744\\.bob\\playground\\bookstore-backend\\src\\routes\\addressRoutes.js": {"path":"C:\\Users\\002QX3744\\.bob\\playground\\bookstore-backend\\src\\routes\\addressRoutes.js","statementMap":{"0":{"start":{"line":1,"column":16},"end":{"line":1,"column":34}},"1":{"start":{"line":2,"column":15},"end":{"line":2,"column":31}},"2":{"start":{"line":8,"column":4},"end":{"line":8,"column":47}},"3":{"start":{"line":9,"column":26},"end":{"line":9,"column":55}},"4":{"start":{"line":12,"column":0},"end":{"line":12,"column":29}},"5":{"start":{"line":14,"column":0},"end":{"line":14,"column":33}},"6":{"start":{"line":15,"column":0},"end":{"line":15,"column":31}},"7":{"start":{"line":16,"column":0},"end":{"line":16,"column":34}},"8":{"start":{"line":17,"column":0},"end":{"line":17,"column":36}},"9":{"start":{"line":19,"column":0},"end":{"line":19,"column":23}}},"fnMap":{},"branchMap":{},"s":{"0":4,"1":4,"2":4,"3":4,"4":4,"5":4,"6":4,"7":4,"8":4,"9":4},"f":{},"b":{},"_coverageSchema":"1a1c01bbd47fc00a2c39e90264f33305004495a9","hash":"e2ef4503765c53b174d8088205f2b2a02261f1e7"}
,"C:\\Users\\002QX3744\\.bob\\playground\\bookstore-backend\\src\\routes\\authRoutes.js": {"path":"C:\\Users\\002QX3744\\.bob\\playground\\bookstore-backend\\src\\routes\\authRoutes.js","statementMap":{"0":{"start":{"line":1,"column":16},"end":{"line":1,"column":34}},"1":{"start":{"line":2,"column":15},"end":{"line":2,"column":31}},"2":{"start":{"line":3,"column":40},"end":{"line":3,"column":80}},"3":{"start":{"line":4,"column":26},"end":{"line":4,"column":55}},"4":{"start":{"line":6,"column":0},"end":{"line":6,"column":34}},"5":{"start":{"line":7,"column":0},"end":{"line":7,"column":28}},"6":{"start":{"line":9,"column":0},"end":{"line":9,"column":53}},"7":{"start":{"line":10,"column":0},"end":{"line":10,"column":23}}},"fnMap":{},"branchMap":{},"s":{"0":4,"1":4,"2":4,"3":4,"4":4,"5":4,"6":4,"7":4},"f":{},"b":{},"_coverageSchema":"1a1c01bbd47fc00a2c39e90264f33305004495a9","hash":"bf859ac3a5b0c7f912132c821c1b2ebf3c93420a"}
,"C:\\Users\\002QX3744\\.bob\\playground\\bookstore-backend\\src\\routes\\bookRoutes.js": {"path":"C:\\Users\\002QX3744\\.bob\\playground\\bookstore-backend\\src\\routes\\bookRoutes.js","statementMap":{"0":{"start":{"line":1,"column":16},"end":{"line":1,"column":34}},"1":{"start":{"line":2,"column":15},"end":{"line":2,"column":31}},"2":{"start":{"line":9,"column":4},"end":{"line":9,"column":44}},"3":{"start":{"line":11,"column":0},"end":{"line":11,"column":28}},"4":{"start":{"line":12,"column":0},"end":{"line":12,"column":40}},"5":{"start":{"line":13,"column":0},"end":{"line":13,"column":32}},"6":{"start":{"line":14,"column":0},"end":{"line":14,"column":31}},"7":{"start":{"line":15,"column":0},"end":{"line":15,"column":43}},"8":{"start":{"line":16,"column":0},"end":{"line":16,"column":23}}},"fnMap":{},"branchMap":{},"s":{"0":4,"1":4,"2":4,"3":4,"4":4,"5":4,"6":4,"7":4,"8":4},"f":{},"b":{},"_coverageSchema":"1a1c01bbd47fc00a2c39e90264f33305004495a9","hash":"244bb7df592644a95c9dbedcc91576f706ac0bf7"}
,"C:\\Users\\002QX3744\\.bob\\playground\\bookstore-backend\\src\\routes\\cartRoutes.js": {"path":"C:\\Users\\002QX3744\\.bob\\playground\\bookstore-backend\\src\\routes\\cartRoutes.js","statementMap":{"0":{"start":{"line":1,"column":16},"end":{"line":1,"column":34}},"1":{"start":{"line":2,"column":15},"end":{"line":2,"column":31}},"2":{"start":{"line":9,"column":4},"end":{"line":9,"column":44}},"3":{"start":{"line":10,"column":26},"end":{"line":10,"column":55}},"4":{"start":{"line":12,"column":0},"end":{"line":12,"column":29}},"5":{"start":{"line":13,"column":0},"end":{"line":13,"column":24}},"6":{"start":{"line":14,"column":0},"end":{"line":14,"column":27}},"7":{"start":{"line":15,"column":0},"end":{"line":15,"column":34}},"8":{"start":{"line":16,"column":0},"end":{"line":16,"column":37}},"9":{"start":{"line":17,"column":0},"end":{"line":17,"column":29}},"10":{"start":{"line":18,"column":0},"end":{"line":18,"column":23}}},"fnMap":{},"branchMap":{},"s":{"0":4,"1":4,"2":4,"3":4,"4":4,"5":4,"6":4,"7":4,"8":4,"9":4,"10":4},"f":{},"b":{},"_coverageSchema":"1a1c01bbd47fc00a2c39e90264f33305004495a9","hash":"f5a9d1469f2eb44a7653598ad6aa7ec57d60a6e4"}
,"C:\\Users\\002QX3744\\.bob\\playground\\bookstore-backend\\src\\routes\\orderRoutes.js": {"path":"C:\\Users\\002QX3744\\.bob\\playground\\bookstore-backend\\src\\routes\\orderRoutes.js","statementMap":{"0":{"start":{"line":1,"column":16},"end":{"line":1,"column":34}},"1":{"start":{"line":2,"column":15},"end":{"line":2,"column":31}},"2":{"start":{"line":9,"column":4},"end":{"line":9,"column":45}},"3":{"start":{"line":10,"column":26},"end":{"line":10,"column":55}},"4":{"start":{"line":12,"column":0},"end":{"line":12,"column":29}},"5":{"start":{"line":13,"column":0},"end":{"line":13,"column":26}},"6":{"start":{"line":14,"column":0},"end":{"line":14,"column":50}},"7":{"start":{"line":15,"column":0},"end":{"line":15,"column":32}},"8":{"start":{"line":16,"column":0},"end":{"line":16,"column":28}},"9":{"start":{"line":17,"column":0},"end":{"line":17,"column":38}},"10":{"start":{"line":18,"column":0},"end":{"line":18,"column":23}}},"fnMap":{},"branchMap":{},"s":{"0":4,"1":4,"2":4,"3":4,"4":4,"5":4,"6":4,"7":4,"8":4,"9":4,"10":4},"f":{},"b":{},"_coverageSchema":"1a1c01bbd47fc00a2c39e90264f33305004495a9","hash":"f8dd30b16ee267e95287c470afeceaae24ce2871"}
}
