TN:
SF:src\config\db.js
FN:11,(anonymous_0)
FNF:1
FNH:1
FNDA:4,(anonymous_0)
DA:1,4
DA:2,4
DA:3,4
DA:11,4
DA:12,4
DA:13,0
DA:15,4
DA:16,4
DA:19,4
LF:9
LH:8
BRDA:12,0,0,0
BRDA:12,0,1,4
BRF:2
BRH:1
end_of_record
TN:
SF:src\controllers\addressController.js
FN:5,(anonymous_0)
FN:23,(anonymous_1)
FN:68,(anonymous_2)
FN:126,(anonymous_3)
FNF:4
FNH:0
FNDA:0,(anonymous_0)
FNDA:0,(anonymous_1)
FNDA:0,(anonymous_2)
FNDA:0,(anonymous_3)
DA:1,4
DA:5,4
DA:6,0
DA:7,0
DA:14,0
DA:16,0
DA:17,0
DA:23,4
DA:24,0
DA:27,0
DA:28,0
DA:33,0
DA:34,0
DA:35,0
DA:38,0
DA:39,0
DA:45,0
DA:52,0
DA:53,0
DA:58,0
DA:59,0
DA:60,0
DA:62,0
DA:68,4
DA:69,0
DA:70,0
DA:72,0
DA:73,0
DA:74,0
DA:77,0
DA:81,0
DA:82,0
DA:83,0
DA:87,0
DA:88,0
DA:94,0
DA:110,0
DA:111,0
DA:116,0
DA:117,0
DA:118,0
DA:120,0
DA:126,4
DA:127,0
DA:128,0
DA:130,0
DA:134,0
DA:135,0
DA:139,0
DA:143,0
DA:144,0
DA:149,0
DA:153,0
DA:155,0
DA:156,0
DA:160,4
LF:56
LH:6
BRDA:24,0,0,0
BRDA:27,1,0,0
BRDA:27,1,1,0
BRDA:27,2,0,0
BRDA:27,2,1,0
BRDA:27,2,2,0
BRDA:27,2,3,0
BRDA:27,2,4,0
BRDA:27,2,5,0
BRDA:38,3,0,0
BRDA:38,3,1,0
BRDA:49,4,0,0
BRDA:49,4,1,0
BRDA:81,5,0,0
BRDA:81,5,1,0
BRDA:87,6,0,0
BRDA:87,6,1,0
BRDA:107,7,0,0
BRDA:107,7,1,0
BRDA:134,8,0,0
BRDA:134,8,1,0
BRDA:143,9,0,0
BRDA:143,9,1,0
BRF:23
BRH:0
end_of_record
TN:
SF:src\controllers\authController.js
FN:6,(anonymous_0)
FN:42,(anonymous_1)
FN:87,(anonymous_2)
FNF:3
FNH:2
FNDA:2,(anonymous_0)
FNDA:4,(anonymous_1)
FNDA:0,(anonymous_2)
DA:1,4
DA:2,4
DA:3,4
DA:4,4
DA:6,4
DA:7,2
DA:8,2
DA:10,2
DA:14,0
DA:15,0
DA:20,0
DA:22,0
DA:28,0
DA:30,0
DA:35,0
DA:37,2
DA:38,2
DA:42,4
DA:43,4
DA:44,4
DA:46,4
DA:50,0
DA:51,0
DA:55,0
DA:57,0
DA:61,0
DA:62,0
DA:67,0
DA:72,0
DA:82,4
DA:83,4
DA:87,4
DA:88,0
DA:89,0
DA:94,0
DA:96,0
DA:99,4
LF:37
LH:18
BRDA:14,0,0,0
BRDA:14,0,1,0
BRDA:50,1,0,0
BRDA:50,1,1,0
BRDA:61,2,0,0
BRDA:61,2,1,0
BRF:6
BRH:0
end_of_record
TN:
SF:src\controllers\bookController.js
FN:3,(anonymous_0)
FN:57,(anonymous_1)
FN:90,(anonymous_2)
FN:122,(anonymous_3)
FN:133,(anonymous_4)
FNF:5
FNH:0
FNDA:0,(anonymous_0)
FNDA:0,(anonymous_1)
FNDA:0,(anonymous_2)
FNDA:0,(anonymous_3)
FNDA:0,(anonymous_4)
DA:1,4
DA:3,4
DA:4,0
DA:5,0
DA:6,0
DA:25,0
DA:26,0
DA:28,0
DA:29,0
DA:30,0
DA:31,0
DA:34,0
DA:35,0
DA:36,0
DA:37,0
DA:40,0
DA:41,0
DA:45,0
DA:46,0
DA:48,0
DA:49,0
DA:50,0
DA:52,0
DA:53,0
DA:57,4
DA:58,0
DA:59,0
DA:60,0
DA:80,0
DA:81,0
DA:83,0
DA:85,0
DA:86,0
DA:90,4
DA:91,0
DA:92,0
DA:94,0
DA:98,0
DA:99,0
DA:101,0
DA:103,0
DA:115,0
DA:117,0
DA:118,0
DA:122,4
DA:123,0
DA:124,0
DA:127,0
DA:129,0
DA:133,4
DA:134,0
DA:135,0
DA:138,0
DA:140,0
DA:143,4
LF:55
LH:7
BRDA:28,0,0,0
BRDA:28,0,1,0
BRDA:28,1,0,0
BRDA:28,1,1,0
BRDA:34,2,0,0
BRDA:34,2,1,0
BRDA:34,3,0,0
BRDA:34,3,1,0
BRDA:40,4,0,0
BRDA:40,4,1,0
BRDA:80,5,0,0
BRDA:80,5,1,0
BRDA:98,6,0,0
BRDA:98,6,1,0
BRF:14
BRH:0
end_of_record
TN:
SF:src\controllers\cartController.js
FN:3,(anonymous_0)
FN:28,(anonymous_1)
FN:41,(anonymous_2)
FN:74,(anonymous_3)
FN:103,(anonymous_4)
FN:122,(anonymous_5)
FNF:6
FNH:0
FNDA:0,(anonymous_0)
FNDA:0,(anonymous_1)
FNDA:0,(anonymous_2)
FNDA:0,(anonymous_3)
FNDA:0,(anonymous_4)
FNDA:0,(anonymous_5)
DA:1,4
DA:3,4
DA:4,0
DA:5,0
DA:27,0
DA:28,0
DA:30,0
DA:36,0
DA:37,0
DA:41,4
DA:42,0
DA:43,0
DA:45,0
DA:49,0
DA:50,0
DA:52,0
DA:53,0
DA:56,0
DA:64,0
DA:69,0
DA:70,0
DA:74,4
DA:75,0
DA:76,0
DA:77,0
DA:78,0
DA:79,0
DA:83,0
DA:90,0
DA:91,0
DA:93,0
DA:98,0
DA:99,0
DA:103,4
DA:104,0
DA:105,0
DA:106,0
DA:112,0
DA:113,0
DA:115,0
DA:117,0
DA:118,0
DA:122,4
DA:123,0
DA:124,0
DA:128,0
DA:130,0
DA:131,0
DA:134,4
LF:49
LH:7
BRDA:42,0,0,0
BRDA:49,1,0,0
BRDA:49,1,1,0
BRDA:52,2,0,0
BRDA:52,2,1,0
BRDA:78,3,0,0
BRDA:78,3,1,0
BRDA:90,4,0,0
BRDA:90,4,1,0
BRDA:112,5,0,0
BRDA:112,5,1,0
BRF:11
BRH:0
end_of_record
TN:
SF:src\controllers\orderController.js
FN:3,(anonymous_0)
FN:30,(anonymous_1)
FN:56,(anonymous_2)
FN:105,(anonymous_3)
FN:215,(anonymous_4)
FN:286,(anonymous_5)
FNF:6
FNH:0
FNDA:0,(anonymous_0)
FNDA:0,(anonymous_1)
FNDA:0,(anonymous_2)
FNDA:0,(anonymous_3)
FNDA:0,(anonymous_4)
FNDA:0,(anonymous_5)
DA:1,4
DA:3,4
DA:4,0
DA:6,0
DA:29,0
DA:31,0
DA:43,0
DA:49,0
DA:51,0
DA:52,0
DA:56,4
DA:57,0
DA:58,0
DA:59,0
DA:80,0
DA:81,0
DA:83,0
DA:95,0
DA:100,0
DA:101,0
DA:105,4
DA:113,0
DA:115,0
DA:116,0
DA:117,0
DA:119,0
DA:121,0
DA:137,0
DA:138,0
DA:151,0
DA:159,0
DA:160,0
DA:161,0
DA:169,0
DA:174,0
DA:176,0
DA:195,0
DA:199,0
DA:207,0
DA:208,0
DA:209,0
DA:211,0
DA:215,4
DA:216,0
DA:217,0
DA:219,0
DA:225,0
DA:226,0
DA:228,0
DA:230,0
DA:231,0
DA:236,0
DA:237,0
DA:238,0
DA:239,0
DA:240,0
DA:245,0
DA:246,0
DA:247,0
DA:249,0
DA:255,0
DA:261,0
DA:262,0
DA:269,0
DA:270,0
DA:275,0
DA:276,0
DA:278,0
DA:281,0
DA:282,0
DA:286,4
DA:287,0
DA:289,0
DA:305,0
DA:306,0
DA:308,0
DA:328,0
DA:340,0
DA:342,0
DA:343,0
DA:346,4
LF:81
LH:7
BRDA:80,0,0,0
BRDA:80,0,1,0
BRDA:144,1,0,0
BRDA:144,1,1,0
BRDA:146,2,0,0
BRDA:146,2,1,0
BRDA:155,3,0,0
BRDA:155,3,1,0
BRDA:155,4,0,0
BRDA:155,4,1,0
BRDA:159,5,0,0
BRDA:159,5,1,0
BRDA:225,6,0,0
BRDA:225,6,1,0
BRDA:230,7,0,0
BRDA:230,7,1,0
BRDA:239,8,0,0
BRDA:239,8,1,0
BRDA:305,9,0,0
BRDA:305,9,1,0
BRF:20
BRH:0
end_of_record
TN:
SF:src\middleware\auth.js
FN:3,(anonymous_0)
FNF:1
FNH:1
FNDA:3,(anonymous_0)
DA:1,4
DA:2,4
DA:3,4
DA:4,3
DA:5,3
DA:6,3
DA:7,1
DA:11,2
DA:12,2
DA:13,0
DA:14,0
DA:16,2
DA:21,4
LF:13
LH:11
BRDA:5,0,0,3
BRDA:5,0,1,2
BRDA:6,1,0,1
BRDA:6,1,1,2
BRF:4
BRH:4
end_of_record
TN:
SF:src\routes\addressRoutes.js
FNF:0
FNH:0
DA:1,4
DA:2,4
DA:8,4
DA:9,4
DA:12,4
DA:14,4
DA:15,4
DA:16,4
DA:17,4
DA:19,4
LF:10
LH:10
BRF:0
BRH:0
end_of_record
TN:
SF:src\routes\authRoutes.js
FNF:0
FNH:0
DA:1,4
DA:2,4
DA:3,4
DA:4,4
DA:6,4
DA:7,4
DA:9,4
DA:10,4
LF:8
LH:8
BRF:0
BRH:0
end_of_record
TN:
SF:src\routes\bookRoutes.js
FNF:0
FNH:0
DA:1,4
DA:2,4
DA:9,4
DA:11,4
DA:12,4
DA:13,4
DA:14,4
DA:15,4
DA:16,4
LF:9
LH:9
BRF:0
BRH:0
end_of_record
TN:
SF:src\routes\cartRoutes.js
FNF:0
FNH:0
DA:1,4
DA:2,4
DA:9,4
DA:10,4
DA:12,4
DA:13,4
DA:14,4
DA:15,4
DA:16,4
DA:17,4
DA:18,4
LF:11
LH:11
BRF:0
BRH:0
end_of_record
TN:
SF:src\routes\orderRoutes.js
FNF:0
FNH:0
DA:1,4
DA:2,4
DA:9,4
DA:10,4
DA:12,4
DA:13,4
DA:14,4
DA:15,4
DA:16,4
DA:17,4
DA:18,4
LF:11
LH:11
BRF:0
BRH:0
end_of_record
